<?xml version="1.0" encoding="UTF-8"?>
<coverage generated="1753824536340" clover="3.2.0">
  <project timestamp="1753824536341" name="All files">
    <metrics statements="274" coveredstatements="229" conditionals="106" coveredconditionals="67" methods="48" coveredmethods="31" elements="428" coveredelements="327" complexity="0" loc="274" ncloc="274" packages="1" files="1" classes="1"/>
    <file name="script.js" path="/workspaces/french-press-timer/app/script.js">
      <metrics statements="274" coveredstatements="229" conditionals="106" coveredconditionals="67" methods="48" coveredmethods="31"/>
      <line num="4" count="51" type="stmt"/>
      <line num="15" count="51" type="stmt"/>
      <line num="16" count="51" type="stmt"/>
      <line num="19" count="51" type="stmt"/>
      <line num="24" count="51" type="stmt"/>
      <line num="25" count="51" type="stmt"/>
      <line num="26" count="51" type="stmt"/>
      <line num="27" count="51" type="stmt"/>
      <line num="32" count="51" type="stmt"/>
      <line num="33" count="51" type="stmt"/>
      <line num="34" count="51" type="stmt"/>
      <line num="35" count="51" type="stmt"/>
      <line num="38" count="51" type="stmt"/>
      <line num="39" count="51" type="stmt"/>
      <line num="40" count="51" type="stmt"/>
      <line num="43" count="51" type="stmt"/>
      <line num="44" count="51" type="stmt"/>
      <line num="45" count="51" type="stmt"/>
      <line num="46" count="51" type="stmt"/>
      <line num="47" count="51" type="stmt"/>
      <line num="48" count="51" type="stmt"/>
      <line num="49" count="51" type="stmt"/>
      <line num="50" count="51" type="stmt"/>
      <line num="51" count="51" type="stmt"/>
      <line num="52" count="51" type="stmt"/>
      <line num="53" count="51" type="stmt"/>
      <line num="54" count="51" type="stmt"/>
      <line num="57" count="51" type="stmt"/>
      <line num="61" count="51" type="stmt"/>
      <line num="62" count="51" type="stmt"/>
      <line num="63" count="51" type="stmt"/>
      <line num="65" count="51" type="stmt"/>
      <line num="66" count="51" type="stmt"/>
      <line num="71" count="51" type="stmt"/>
      <line num="72" count="51" type="stmt"/>
      <line num="73" count="51" type="stmt"/>
      <line num="76" count="51" type="stmt"/>
      <line num="77" count="51" type="stmt"/>
      <line num="78" count="51" type="stmt"/>
      <line num="79" count="51" type="stmt"/>
      <line num="82" count="51" type="stmt"/>
      <line num="85" count="51" type="stmt"/>
      <line num="86" count="51" type="stmt"/>
      <line num="87" count="0" type="cond" truecount="0" falsecount="2"/>
      <line num="88" count="0" type="stmt"/>
      <line num="89" count="0" type="cond" truecount="0" falsecount="2"/>
      <line num="90" count="0" type="stmt"/>
      <line num="95" count="51" type="stmt"/>
      <line num="96" count="0" type="cond" truecount="0" falsecount="2"/>
      <line num="97" count="0" type="stmt"/>
      <line num="103" count="51" type="stmt"/>
      <line num="104" count="51" type="stmt"/>
      <line num="105" count="51" type="cond" truecount="2" falsecount="0"/>
      <line num="106" count="2" type="stmt"/>
      <line num="107" count="1" type="cond" truecount="1" falsecount="1"/>
      <line num="108" count="1" type="cond" truecount="1" falsecount="1"/>
      <line num="109" count="1" type="cond" truecount="1" falsecount="1"/>
      <line num="110" count="1" type="cond" truecount="1" falsecount="1"/>
      <line num="113" count="1" type="stmt"/>
      <line num="116" count="51" type="stmt"/>
      <line num="120" count="2" type="stmt"/>
      <line num="121" count="2" type="stmt"/>
      <line num="126" count="2" type="stmt"/>
      <line num="128" count="1" type="stmt"/>
      <line num="134" count="52" type="stmt"/>
      <line num="135" count="52" type="stmt"/>
      <line num="136" count="52" type="stmt"/>
      <line num="137" count="52" type="stmt"/>
      <line num="140" count="52" type="cond" truecount="1" falsecount="1"/>
      <line num="141" count="52" type="cond" truecount="1" falsecount="1"/>
      <line num="142" count="52" type="cond" truecount="1" falsecount="1"/>
      <line num="143" count="52" type="cond" truecount="1" falsecount="1"/>
      <line num="144" count="52" type="cond" truecount="1" falsecount="1"/>
      <line num="145" count="52" type="cond" truecount="1" falsecount="1"/>
      <line num="146" count="52" type="stmt"/>
      <line num="151" count="52" type="cond" truecount="3" falsecount="1"/>
      <line num="152" count="52" type="stmt"/>
      <line num="153" count="52" type="stmt"/>
      <line num="158" count="3" type="stmt"/>
      <line num="159" count="3" type="stmt"/>
      <line num="160" count="3" type="stmt"/>
      <line num="161" count="3" type="stmt"/>
      <line num="163" count="3" type="stmt"/>
      <line num="165" count="3" type="stmt"/>
      <line num="166" count="3" type="stmt"/>
      <line num="170" count="4" type="stmt"/>
      <line num="171" count="0" type="cond" truecount="0" falsecount="2"/>
      <line num="172" count="0" type="stmt"/>
      <line num="173" count="0" type="stmt"/>
      <line num="175" count="0" type="stmt"/>
      <line num="181" count="2" type="stmt"/>
      <line num="182" count="2" type="stmt"/>
      <line num="184" count="2" type="cond" truecount="2" falsecount="0"/>
      <line num="185" count="1" type="stmt"/>
      <line num="186" count="1" type="stmt"/>
      <line num="187" count="1" type="stmt"/>
      <line num="188" count="1" type="cond" truecount="1" falsecount="1"/>
      <line num="189" count="1" type="stmt"/>
      <line num="190" count="1" type="stmt"/>
      <line num="191" count="1" type="stmt"/>
      <line num="194" count="2" type="stmt"/>
      <line num="198" count="1" type="stmt"/>
      <line num="199" count="1" type="stmt"/>
      <line num="201" count="1" type="stmt"/>
      <line num="202" count="0" type="stmt"/>
      <line num="207" count="1" type="stmt"/>
      <line num="208" count="1" type="stmt"/>
      <line num="209" count="1" type="stmt"/>
      <line num="210" count="1" type="stmt"/>
      <line num="212" count="1" type="stmt"/>
      <line num="214" count="1" type="stmt"/>
      <line num="215" count="1" type="stmt"/>
      <line num="219" count="1" type="stmt"/>
      <line num="223" count="1" type="stmt"/>
      <line num="224" count="1" type="stmt"/>
      <line num="226" count="1" type="stmt"/>
      <line num="227" count="1" type="stmt"/>
      <line num="228" count="1" type="stmt"/>
      <line num="229" count="1" type="stmt"/>
      <line num="231" count="1" type="stmt"/>
      <line num="232" count="1" type="stmt"/>
      <line num="233" count="1" type="stmt"/>
      <line num="234" count="1" type="stmt"/>
      <line num="236" count="1" type="stmt"/>
      <line num="241" count="64" type="stmt"/>
      <line num="242" count="64" type="stmt"/>
      <line num="243" count="64" type="stmt"/>
      <line num="246" count="64" type="stmt"/>
      <line num="249" count="64" type="stmt"/>
      <line num="252" count="64" type="stmt"/>
      <line num="256" count="69" type="stmt"/>
      <line num="259" count="69" type="stmt"/>
      <line num="262" count="69" type="cond" truecount="4" falsecount="0"/>
      <line num="263" count="10" type="stmt"/>
      <line num="265" count="10" type="cond" truecount="2" falsecount="0"/>
      <line num="267" count="3" type="stmt"/>
      <line num="268" count="7" type="cond" truecount="2" falsecount="0"/>
      <line num="270" count="1" type="stmt"/>
      <line num="273" count="6" type="stmt"/>
      <line num="277" count="59" type="stmt"/>
      <line num="282" count="71" type="stmt"/>
      <line num="283" count="71" type="stmt"/>
      <line num="286" count="71" type="stmt"/>
      <line num="287" count="71" type="stmt"/>
      <line num="289" count="71" type="cond" truecount="5" falsecount="0"/>
      <line num="291" count="55" type="stmt"/>
      <line num="292" count="55" type="stmt"/>
      <line num="293" count="55" type="stmt"/>
      <line num="294" count="55" type="stmt"/>
      <line num="295" count="55" type="stmt"/>
      <line num="296" count="55" type="stmt"/>
      <line num="298" count="6" type="stmt"/>
      <line num="299" count="6" type="stmt"/>
      <line num="300" count="6" type="stmt"/>
      <line num="301" count="6" type="stmt"/>
      <line num="302" count="6" type="stmt"/>
      <line num="304" count="3" type="stmt"/>
      <line num="305" count="3" type="stmt"/>
      <line num="306" count="3" type="stmt"/>
      <line num="307" count="3" type="stmt"/>
      <line num="308" count="3" type="stmt"/>
      <line num="309" count="3" type="stmt"/>
      <line num="311" count="4" type="stmt"/>
      <line num="312" count="4" type="stmt"/>
      <line num="313" count="4" type="stmt"/>
      <line num="314" count="4" type="stmt"/>
      <line num="315" count="4" type="stmt"/>
      <line num="317" count="3" type="stmt"/>
      <line num="318" count="3" type="stmt"/>
      <line num="319" count="3" type="stmt"/>
      <line num="320" count="3" type="stmt"/>
      <line num="321" count="3" type="stmt"/>
      <line num="322" count="3" type="stmt"/>
      <line num="327" count="64" type="stmt"/>
      <line num="328" count="64" type="stmt"/>
      <line num="329" count="64" type="stmt"/>
      <line num="331" count="64" type="cond" truecount="2" falsecount="0"/>
      <line num="332" count="5" type="stmt"/>
      <line num="333" count="5" type="stmt"/>
      <line num="334" count="5" type="stmt"/>
      <line num="336" count="59" type="stmt"/>
      <line num="342" count="1" type="stmt"/>
      <line num="345" count="1" type="stmt"/>
      <line num="349" count="5" type="stmt"/>
      <line num="356" count="5" type="cond" truecount="2" falsecount="0"/>
      <line num="359" count="5" type="stmt"/>
      <line num="360" count="5" type="stmt"/>
      <line num="363" count="5" type="cond" truecount="4" falsecount="0"/>
      <line num="364" count="3" type="stmt"/>
      <line num="365" count="3" type="stmt"/>
      <line num="366" count="3" type="stmt"/>
      <line num="367" count="3" type="stmt"/>
      <line num="368" count="3" type="stmt"/>
      <line num="369" count="0" type="stmt"/>
      <line num="375" count="2" type="stmt"/>
      <line num="376" count="2" type="stmt"/>
      <line num="381" count="5" type="stmt"/>
      <line num="385" count="2" type="stmt"/>
      <line num="386" count="2" type="cond" truecount="2" falsecount="0"/>
      <line num="389" count="2" type="stmt"/>
      <line num="390" count="2" type="stmt"/>
      <line num="391" count="2" type="stmt"/>
      <line num="393" count="2" type="stmt"/>
      <line num="394" count="2" type="stmt"/>
      <line num="395" count="2" type="stmt"/>
      <line num="397" count="2" type="stmt"/>
      <line num="398" count="2" type="stmt"/>
      <line num="399" count="2" type="stmt"/>
      <line num="405" count="0" type="stmt"/>
      <line num="407" count="0" type="cond" truecount="0" falsecount="2"/>
      <line num="408" count="0" type="stmt"/>
      <line num="412" count="0" type="cond" truecount="0" falsecount="2"/>
      <line num="413" count="0" type="cond" truecount="0" falsecount="2"/>
      <line num="417" count="0" type="cond" truecount="0" falsecount="2"/>
      <line num="418" count="0" type="stmt"/>
      <line num="422" count="0" type="cond" truecount="0" falsecount="4"/>
      <line num="424" count="0" type="stmt"/>
      <line num="425" count="0" type="stmt"/>
      <line num="427" count="0" type="stmt"/>
      <line num="428" count="0" type="stmt"/>
      <line num="431" count="0" type="stmt"/>
      <line num="432" count="0" type="stmt"/>
      <line num="434" count="0" type="stmt"/>
      <line num="437" count="0" type="stmt"/>
      <line num="443" count="0" type="stmt"/>
      <line num="445" count="0" type="stmt"/>
      <line num="446" count="0" type="stmt"/>
      <line num="447" count="0" type="stmt"/>
      <line num="452" count="0" type="stmt"/>
      <line num="453" count="0" type="stmt"/>
      <line num="455" count="0" type="stmt"/>
      <line num="456" count="0" type="stmt"/>
      <line num="458" count="0" type="stmt"/>
      <line num="459" count="0" type="stmt"/>
      <line num="462" count="0" type="cond" truecount="0" falsecount="2"/>
      <line num="463" count="0" type="stmt"/>
      <line num="464" count="0" type="stmt"/>
      <line num="465" count="0" type="stmt"/>
      <line num="467" count="0" type="stmt"/>
      <line num="468" count="0" type="stmt"/>
      <line num="473" count="1" type="stmt"/>
      <line num="474" count="1" type="stmt"/>
      <line num="478" count="1" type="stmt"/>
      <line num="482" count="7" type="stmt"/>
      <line num="483" count="7" type="stmt"/>
      <line num="484" count="7" type="stmt"/>
      <line num="485" count="7" type="stmt"/>
      <line num="488" count="7" type="cond" truecount="6" falsecount="0"/>
      <line num="489" count="1" type="stmt"/>
      <line num="490" count="1" type="stmt"/>
      <line num="494" count="6" type="cond" truecount="4" falsecount="0"/>
      <line num="495" count="6" type="cond" truecount="4" falsecount="0"/>
      <line num="499" count="6" type="cond" truecount="6" falsecount="0"/>
      <line num="501" count="2" type="stmt"/>
      <line num="502" count="2" type="stmt"/>
      <line num="503" count="2" type="stmt"/>
      <line num="504" count="2" type="stmt"/>
      <line num="506" count="2" type="stmt"/>
      <line num="507" count="2" type="stmt"/>
      <line num="510" count="2" type="cond" truecount="1" falsecount="1"/>
      <line num="511" count="2" type="stmt"/>
      <line num="514" count="4" type="stmt"/>
      <line num="519" count="3" type="stmt"/>
      <line num="520" count="3" type="stmt"/>
      <line num="521" count="3" type="stmt"/>
      <line num="522" count="3" type="stmt"/>
      <line num="523" count="3" type="stmt"/>
      <line num="524" count="3" type="stmt"/>
      <line num="526" count="3" type="cond" truecount="2" falsecount="0"/>
      <line num="527" count="2" type="stmt"/>
      <line num="533" count="4" type="stmt"/>
      <line num="534" count="0" type="stmt"/>
      <line num="538" count="4" type="cond" truecount="3" falsecount="1"/>
      <line num="539" count="4" type="stmt"/>
    </file>
  </project>
</coverage>
