{"/workspaces/french-press-timer/app/script.js": {"path":"/workspaces/french-press-timer/app/script.js","statementMap":{"0":{"start":{"line":4,"column":8},"end":{"line":13,"column":10}},"1":{"start":{"line":15,"column":8},"end":{"line":15,"column":34}},"2":{"start":{"line":16,"column":8},"end":{"line":16,"column":33}},"3":{"start":{"line":19,"column":8},"end":{"line":22,"column":10}},"4":{"start":{"line":24,"column":8},"end":{"line":24,"column":34}},"5":{"start":{"line":25,"column":8},"end":{"line":25,"column":28}},"6":{"start":{"line":26,"column":8},"end":{"line":26,"column":35}},"7":{"start":{"line":27,"column":8},"end":{"line":27,"column":29}},"8":{"start":{"line":32,"column":8},"end":{"line":32,"column":66}},"9":{"start":{"line":33,"column":8},"end":{"line":33,"column":64}},"10":{"start":{"line":34,"column":8},"end":{"line":34,"column":76}},"11":{"start":{"line":35,"column":8},"end":{"line":35,"column":72}},"12":{"start":{"line":38,"column":8},"end":{"line":38,"column":60}},"13":{"start":{"line":39,"column":8},"end":{"line":39,"column":60}},"14":{"start":{"line":40,"column":8},"end":{"line":40,"column":66}},"15":{"start":{"line":43,"column":8},"end":{"line":43,"column":66}},"16":{"start":{"line":44,"column":8},"end":{"line":44,"column":70}},"17":{"start":{"line":45,"column":8},"end":{"line":45,"column":60}},"18":{"start":{"line":46,"column":8},"end":{"line":46,"column":83}},"19":{"start":{"line":47,"column":8},"end":{"line":47,"column":83}},"20":{"start":{"line":48,"column":8},"end":{"line":48,"column":85}},"21":{"start":{"line":49,"column":8},"end":{"line":49,"column":85}},"22":{"start":{"line":50,"column":8},"end":{"line":50,"column":73}},"23":{"start":{"line":51,"column":8},"end":{"line":51,"column":71}},"24":{"start":{"line":52,"column":8},"end":{"line":52,"column":70}},"25":{"start":{"line":53,"column":8},"end":{"line":53,"column":71}},"26":{"start":{"line":54,"column":8},"end":{"line":54,"column":73}},"27":{"start":{"line":57,"column":8},"end":{"line":57,"column":35}},"28":{"start":{"line":61,"column":23},"end":{"line":61,"column":42}},"29":{"start":{"line":62,"column":23},"end":{"line":62,"column":45}},"30":{"start":{"line":63,"column":30},"end":{"line":63,"column":50}},"31":{"start":{"line":65,"column":8},"end":{"line":65,"column":75}},"32":{"start":{"line":66,"column":8},"end":{"line":66,"column":54}},"33":{"start":{"line":71,"column":8},"end":{"line":71,"column":73}},"34":{"start":{"line":71,"column":54},"end":{"line":71,"column":71}},"35":{"start":{"line":72,"column":8},"end":{"line":72,"column":73}},"36":{"start":{"line":72,"column":54},"end":{"line":72,"column":71}},"37":{"start":{"line":73,"column":8},"end":{"line":73,"column":88}},"38":{"start":{"line":73,"column":57},"end":{"line":73,"column":86}},"39":{"start":{"line":76,"column":8},"end":{"line":76,"column":78}},"40":{"start":{"line":76,"column":57},"end":{"line":76,"column":76}},"41":{"start":{"line":77,"column":8},"end":{"line":77,"column":76}},"42":{"start":{"line":77,"column":54},"end":{"line":77,"column":74}},"43":{"start":{"line":78,"column":8},"end":{"line":78,"column":82}},"44":{"start":{"line":78,"column":61},"end":{"line":78,"column":80}},"45":{"start":{"line":79,"column":8},"end":{"line":79,"column":86}},"46":{"start":{"line":79,"column":62},"end":{"line":79,"column":84}},"47":{"start":{"line":82,"column":8},"end":{"line":82,"column":90}},"48":{"start":{"line":82,"column":62},"end":{"line":82,"column":88}},"49":{"start":{"line":85,"column":8},"end":{"line":85,"column":67}},"50":{"start":{"line":86,"column":8},"end":{"line":92,"column":11}},"51":{"start":{"line":87,"column":12},"end":{"line":91,"column":13}},"52":{"start":{"line":88,"column":16},"end":{"line":88,"column":34}},"53":{"start":{"line":89,"column":19},"end":{"line":91,"column":13}},"54":{"start":{"line":90,"column":16},"end":{"line":90,"column":46}},"55":{"start":{"line":95,"column":8},"end":{"line":99,"column":11}},"56":{"start":{"line":96,"column":12},"end":{"line":98,"column":13}},"57":{"start":{"line":97,"column":16},"end":{"line":97,"column":37}},"58":{"start":{"line":103,"column":8},"end":{"line":114,"column":9}},"59":{"start":{"line":104,"column":26},"end":{"line":104,"column":69}},"60":{"start":{"line":105,"column":12},"end":{"line":111,"column":13}},"61":{"start":{"line":106,"column":33},"end":{"line":106,"column":50}},"62":{"start":{"line":107,"column":16},"end":{"line":107,"column":77}},"63":{"start":{"line":108,"column":16},"end":{"line":108,"column":75}},"64":{"start":{"line":109,"column":16},"end":{"line":109,"column":112}},"65":{"start":{"line":110,"column":16},"end":{"line":110,"column":72}},"66":{"start":{"line":113,"column":12},"end":{"line":113,"column":78}},"67":{"start":{"line":116,"column":8},"end":{"line":116,"column":37}},"68":{"start":{"line":120,"column":8},"end":{"line":129,"column":9}},"69":{"start":{"line":121,"column":32},"end":{"line":125,"column":13}},"70":{"start":{"line":126,"column":12},"end":{"line":126,"column":85}},"71":{"start":{"line":128,"column":12},"end":{"line":128,"column":76}},"72":{"start":{"line":134,"column":29},"end":{"line":134,"column":75}},"73":{"start":{"line":135,"column":29},"end":{"line":135,"column":63}},"74":{"start":{"line":136,"column":28},"end":{"line":136,"column":73}},"75":{"start":{"line":137,"column":28},"end":{"line":137,"column":61}},"76":{"start":{"line":140,"column":8},"end":{"line":140,"column":90}},"77":{"start":{"line":140,"column":41},"end":{"line":140,"column":90}},"78":{"start":{"line":141,"column":8},"end":{"line":141,"column":90}},"79":{"start":{"line":141,"column":41},"end":{"line":141,"column":90}},"80":{"start":{"line":142,"column":8},"end":{"line":142,"column":91}},"81":{"start":{"line":142,"column":42},"end":{"line":142,"column":91}},"82":{"start":{"line":143,"column":8},"end":{"line":143,"column":91}},"83":{"start":{"line":143,"column":42},"end":{"line":143,"column":91}},"84":{"start":{"line":144,"column":8},"end":{"line":144,"column":96}},"85":{"start":{"line":144,"column":36},"end":{"line":144,"column":96}},"86":{"start":{"line":145,"column":8},"end":{"line":145,"column":91}},"87":{"start":{"line":145,"column":35},"end":{"line":145,"column":91}},"88":{"start":{"line":146,"column":8},"end":{"line":146,"column":35}},"89":{"start":{"line":151,"column":8},"end":{"line":154,"column":9}},"90":{"start":{"line":152,"column":31},"end":{"line":152,"column":76}},"91":{"start":{"line":153,"column":12},"end":{"line":153,"column":62}},"92":{"start":{"line":158,"column":8},"end":{"line":158,"column":45}},"93":{"start":{"line":159,"column":8},"end":{"line":159,"column":65}},"94":{"start":{"line":160,"column":8},"end":{"line":160,"column":61}},"95":{"start":{"line":161,"column":8},"end":{"line":161,"column":36}},"96":{"start":{"line":163,"column":8},"end":{"line":163,"column":45}},"97":{"start":{"line":165,"column":8},"end":{"line":165,"column":24}},"98":{"start":{"line":166,"column":8},"end":{"line":166,"column":29}},"99":{"start":{"line":170,"column":8},"end":{"line":177,"column":17}},"100":{"start":{"line":171,"column":12},"end":{"line":176,"column":13}},"101":{"start":{"line":172,"column":16},"end":{"line":172,"column":43}},"102":{"start":{"line":173,"column":16},"end":{"line":173,"column":37}},"103":{"start":{"line":175,"column":16},"end":{"line":175,"column":43}},"104":{"start":{"line":181,"column":8},"end":{"line":181,"column":42}},"105":{"start":{"line":182,"column":8},"end":{"line":182,"column":37}},"106":{"start":{"line":184,"column":8},"end":{"line":192,"column":9}},"107":{"start":{"line":185,"column":12},"end":{"line":185,"column":45}},"108":{"start":{"line":186,"column":12},"end":{"line":186,"column":36}},"109":{"start":{"line":187,"column":12},"end":{"line":187,"column":55}},"110":{"start":{"line":188,"column":15},"end":{"line":192,"column":9}},"111":{"start":{"line":189,"column":12},"end":{"line":189,"column":49}},"112":{"start":{"line":190,"column":12},"end":{"line":190,"column":32}},"113":{"start":{"line":191,"column":12},"end":{"line":191,"column":54}},"114":{"start":{"line":194,"column":8},"end":{"line":194,"column":29}},"115":{"start":{"line":198,"column":8},"end":{"line":198,"column":45}},"116":{"start":{"line":199,"column":8},"end":{"line":199,"column":56}},"117":{"start":{"line":201,"column":8},"end":{"line":203,"column":16}},"118":{"start":{"line":202,"column":12},"end":{"line":202,"column":51}},"119":{"start":{"line":207,"column":8},"end":{"line":207,"column":44}},"120":{"start":{"line":208,"column":8},"end":{"line":208,"column":64}},"121":{"start":{"line":209,"column":8},"end":{"line":209,"column":60}},"122":{"start":{"line":210,"column":8},"end":{"line":210,"column":36}},"123":{"start":{"line":212,"column":8},"end":{"line":212,"column":48}},"124":{"start":{"line":214,"column":8},"end":{"line":214,"column":24}},"125":{"start":{"line":215,"column":8},"end":{"line":215,"column":29}},"126":{"start":{"line":219,"column":8},"end":{"line":219,"column":53}},"127":{"start":{"line":223,"column":8},"end":{"line":223,"column":42}},"128":{"start":{"line":224,"column":8},"end":{"line":224,"column":34}},"129":{"start":{"line":226,"column":8},"end":{"line":226,"column":41}},"130":{"start":{"line":227,"column":8},"end":{"line":227,"column":37}},"131":{"start":{"line":228,"column":8},"end":{"line":228,"column":33}},"132":{"start":{"line":229,"column":8},"end":{"line":229,"column":37}},"133":{"start":{"line":231,"column":8},"end":{"line":231,"column":53}},"134":{"start":{"line":232,"column":8},"end":{"line":232,"column":52}},"135":{"start":{"line":233,"column":8},"end":{"line":233,"column":48}},"136":{"start":{"line":234,"column":8},"end":{"line":234,"column":44}},"137":{"start":{"line":236,"column":8},"end":{"line":236,"column":29}},"138":{"start":{"line":241,"column":24},"end":{"line":241,"column":65}},"139":{"start":{"line":242,"column":24},"end":{"line":242,"column":53}},"140":{"start":{"line":243,"column":8},"end":{"line":243,"column":91}},"141":{"start":{"line":246,"column":8},"end":{"line":246,"column":34}},"142":{"start":{"line":249,"column":8},"end":{"line":249,"column":36}},"143":{"start":{"line":252,"column":8},"end":{"line":252,"column":39}},"144":{"start":{"line":256,"column":29},"end":{"line":256,"column":69}},"145":{"start":{"line":259,"column":8},"end":{"line":259,"column":87}},"146":{"start":{"line":262,"column":8},"end":{"line":278,"column":9}},"147":{"start":{"line":263,"column":30},"end":{"line":263,"column":54}},"148":{"start":{"line":265,"column":12},"end":{"line":274,"column":13}},"149":{"start":{"line":267,"column":16},"end":{"line":267,"column":59}},"150":{"start":{"line":268,"column":19},"end":{"line":274,"column":13}},"151":{"start":{"line":270,"column":16},"end":{"line":270,"column":61}},"152":{"start":{"line":273,"column":16},"end":{"line":273,"column":58}},"153":{"start":{"line":277,"column":12},"end":{"line":277,"column":54}},"154":{"start":{"line":282,"column":31},"end":{"line":282,"column":73}},"155":{"start":{"line":283,"column":29},"end":{"line":283,"column":69}},"156":{"start":{"line":286,"column":8},"end":{"line":286,"column":121}},"157":{"start":{"line":287,"column":8},"end":{"line":287,"column":119}},"158":{"start":{"line":289,"column":8},"end":{"line":323,"column":9}},"159":{"start":{"line":291,"column":16},"end":{"line":291,"column":63}},"160":{"start":{"line":292,"column":16},"end":{"line":292,"column":85}},"161":{"start":{"line":293,"column":16},"end":{"line":293,"column":102}},"162":{"start":{"line":294,"column":16},"end":{"line":294,"column":59}},"163":{"start":{"line":295,"column":16},"end":{"line":295,"column":57}},"164":{"start":{"line":296,"column":16},"end":{"line":296,"column":22}},"165":{"start":{"line":298,"column":16},"end":{"line":298,"column":57}},"166":{"start":{"line":299,"column":16},"end":{"line":299,"column":78}},"167":{"start":{"line":300,"column":16},"end":{"line":300,"column":63}},"168":{"start":{"line":301,"column":16},"end":{"line":301,"column":61}},"169":{"start":{"line":302,"column":16},"end":{"line":302,"column":22}},"170":{"start":{"line":304,"column":16},"end":{"line":304,"column":67}},"171":{"start":{"line":305,"column":16},"end":{"line":305,"column":79}},"172":{"start":{"line":306,"column":16},"end":{"line":306,"column":54}},"173":{"start":{"line":307,"column":16},"end":{"line":307,"column":59}},"174":{"start":{"line":308,"column":16},"end":{"line":308,"column":57}},"175":{"start":{"line":309,"column":16},"end":{"line":309,"column":22}},"176":{"start":{"line":311,"column":16},"end":{"line":311,"column":62}},"177":{"start":{"line":312,"column":16},"end":{"line":312,"column":70}},"178":{"start":{"line":313,"column":16},"end":{"line":313,"column":62}},"179":{"start":{"line":314,"column":16},"end":{"line":314,"column":60}},"180":{"start":{"line":315,"column":16},"end":{"line":315,"column":22}},"181":{"start":{"line":317,"column":16},"end":{"line":317,"column":63}},"182":{"start":{"line":318,"column":16},"end":{"line":318,"column":84}},"183":{"start":{"line":319,"column":16},"end":{"line":319,"column":54}},"184":{"start":{"line":320,"column":16},"end":{"line":320,"column":63}},"185":{"start":{"line":321,"column":16},"end":{"line":321,"column":61}},"186":{"start":{"line":322,"column":16},"end":{"line":322,"column":22}},"187":{"start":{"line":327,"column":23},"end":{"line":327,"column":42}},"188":{"start":{"line":328,"column":23},"end":{"line":328,"column":45}},"189":{"start":{"line":329,"column":30},"end":{"line":329,"column":50}},"190":{"start":{"line":331,"column":8},"end":{"line":337,"column":9}},"191":{"start":{"line":332,"column":29},"end":{"line":332,"column":101}},"192":{"start":{"line":333,"column":27},"end":{"line":333,"column":69}},"193":{"start":{"line":334,"column":12},"end":{"line":334,"column":51}},"194":{"start":{"line":336,"column":12},"end":{"line":336,"column":58}},"195":{"start":{"line":342,"column":8},"end":{"line":342,"column":41}},"196":{"start":{"line":345,"column":8},"end":{"line":345,"column":35}},"197":{"start":{"line":349,"column":23},"end":{"line":354,"column":9}},"198":{"start":{"line":356,"column":22},"end":{"line":356,"column":55}},"199":{"start":{"line":359,"column":8},"end":{"line":359,"column":64}},"200":{"start":{"line":360,"column":8},"end":{"line":360,"column":51}},"201":{"start":{"line":363,"column":8},"end":{"line":378,"column":9}},"202":{"start":{"line":364,"column":12},"end":{"line":372,"column":20}},"203":{"start":{"line":365,"column":16},"end":{"line":365,"column":62}},"204":{"start":{"line":366,"column":16},"end":{"line":371,"column":24}},"205":{"start":{"line":367,"column":20},"end":{"line":367,"column":63}},"206":{"start":{"line":368,"column":20},"end":{"line":370,"column":28}},"207":{"start":{"line":369,"column":24},"end":{"line":369,"column":70}},"208":{"start":{"line":375,"column":12},"end":{"line":377,"column":20}},"209":{"start":{"line":376,"column":16},"end":{"line":376,"column":62}},"210":{"start":{"line":381,"column":8},"end":{"line":381,"column":37}},"211":{"start":{"line":385,"column":31},"end":{"line":385,"column":72}},"212":{"start":{"line":386,"column":36},"end":{"line":386,"column":75}},"213":{"start":{"line":389,"column":8},"end":{"line":389,"column":48}},"214":{"start":{"line":390,"column":8},"end":{"line":390,"column":86}},"215":{"start":{"line":391,"column":8},"end":{"line":391,"column":45}},"216":{"start":{"line":393,"column":8},"end":{"line":401,"column":16}},"217":{"start":{"line":394,"column":12},"end":{"line":394,"column":52}},"218":{"start":{"line":395,"column":12},"end":{"line":395,"column":49}},"219":{"start":{"line":397,"column":12},"end":{"line":400,"column":20}},"220":{"start":{"line":398,"column":16},"end":{"line":398,"column":71}},"221":{"start":{"line":399,"column":16},"end":{"line":399,"column":51}},"222":{"start":{"line":405,"column":8},"end":{"line":439,"column":9}},"223":{"start":{"line":407,"column":12},"end":{"line":409,"column":13}},"224":{"start":{"line":408,"column":16},"end":{"line":408,"column":23}},"225":{"start":{"line":412,"column":12},"end":{"line":414,"column":13}},"226":{"start":{"line":413,"column":16},"end":{"line":413,"column":93}},"227":{"start":{"line":417,"column":12},"end":{"line":419,"column":13}},"228":{"start":{"line":418,"column":16},"end":{"line":418,"column":43}},"229":{"start":{"line":422,"column":12},"end":{"line":435,"column":13}},"230":{"start":{"line":424,"column":20},"end":{"line":424,"column":71}},"231":{"start":{"line":425,"column":20},"end":{"line":425,"column":26}},"232":{"start":{"line":427,"column":20},"end":{"line":427,"column":59}},"233":{"start":{"line":428,"column":20},"end":{"line":428,"column":26}},"234":{"start":{"line":431,"column":20},"end":{"line":431,"column":92}},"235":{"start":{"line":432,"column":20},"end":{"line":432,"column":26}},"236":{"start":{"line":434,"column":20},"end":{"line":434,"column":59}},"237":{"start":{"line":437,"column":12},"end":{"line":437,"column":62}},"238":{"start":{"line":443,"column":26},"end":{"line":443,"column":55}},"239":{"start":{"line":445,"column":8},"end":{"line":448,"column":9}},"240":{"start":{"line":445,"column":21},"end":{"line":445,"column":22}},"241":{"start":{"line":446,"column":12},"end":{"line":446,"column":69}},"242":{"start":{"line":447,"column":12},"end":{"line":447,"column":56}},"243":{"start":{"line":452,"column":27},"end":{"line":452,"column":63}},"244":{"start":{"line":453,"column":25},"end":{"line":453,"column":55}},"245":{"start":{"line":455,"column":8},"end":{"line":455,"column":37}},"246":{"start":{"line":456,"column":8},"end":{"line":456,"column":56}},"247":{"start":{"line":458,"column":8},"end":{"line":458,"column":66}},"248":{"start":{"line":459,"column":8},"end":{"line":459,"column":33}},"249":{"start":{"line":462,"column":23},"end":{"line":462,"column":55}},"250":{"start":{"line":463,"column":8},"end":{"line":463,"column":51}},"251":{"start":{"line":464,"column":8},"end":{"line":464,"column":72}},"252":{"start":{"line":465,"column":8},"end":{"line":465,"column":71}},"253":{"start":{"line":467,"column":8},"end":{"line":467,"column":36}},"254":{"start":{"line":468,"column":8},"end":{"line":468,"column":46}},"255":{"start":{"line":473,"column":8},"end":{"line":473,"column":37}},"256":{"start":{"line":474,"column":8},"end":{"line":474,"column":50}},"257":{"start":{"line":478,"column":8},"end":{"line":478,"column":50}},"258":{"start":{"line":482,"column":29},"end":{"line":482,"column":72}},"259":{"start":{"line":483,"column":29},"end":{"line":483,"column":72}},"260":{"start":{"line":484,"column":28},"end":{"line":484,"column":72}},"261":{"start":{"line":485,"column":28},"end":{"line":485,"column":72}},"262":{"start":{"line":488,"column":8},"end":{"line":491,"column":9}},"263":{"start":{"line":489,"column":12},"end":{"line":489,"column":99}},"264":{"start":{"line":490,"column":12},"end":{"line":490,"column":19}},"265":{"start":{"line":494,"column":31},"end":{"line":494,"column":77}},"266":{"start":{"line":495,"column":30},"end":{"line":495,"column":74}},"267":{"start":{"line":499,"column":8},"end":{"line":515,"column":9}},"268":{"start":{"line":501,"column":12},"end":{"line":501,"column":59}},"269":{"start":{"line":502,"column":12},"end":{"line":502,"column":57}},"270":{"start":{"line":503,"column":12},"end":{"line":503,"column":72}},"271":{"start":{"line":504,"column":12},"end":{"line":504,"column":80}},"272":{"start":{"line":506,"column":12},"end":{"line":506,"column":41}},"273":{"start":{"line":507,"column":12},"end":{"line":507,"column":33}},"274":{"start":{"line":510,"column":12},"end":{"line":512,"column":13}},"275":{"start":{"line":511,"column":16},"end":{"line":511,"column":37}},"276":{"start":{"line":514,"column":12},"end":{"line":514,"column":99}},"277":{"start":{"line":519,"column":8},"end":{"line":519,"column":47}},"278":{"start":{"line":520,"column":8},"end":{"line":520,"column":46}},"279":{"start":{"line":521,"column":8},"end":{"line":521,"column":42}},"280":{"start":{"line":522,"column":8},"end":{"line":522,"column":40}},"281":{"start":{"line":523,"column":8},"end":{"line":523,"column":37}},"282":{"start":{"line":524,"column":8},"end":{"line":524,"column":37}},"283":{"start":{"line":526,"column":8},"end":{"line":528,"column":9}},"284":{"start":{"line":527,"column":12},"end":{"line":527,"column":33}},"285":{"start":{"line":533,"column":0},"end":{"line":535,"column":3}},"286":{"start":{"line":534,"column":4},"end":{"line":534,"column":27}},"287":{"start":{"line":538,"column":0},"end":{"line":540,"column":1}},"288":{"start":{"line":539,"column":4},"end":{"line":539,"column":38}}},"fnMap":{"0":{"name":"(anonymous_0)","decl":{"start":{"line":3,"column":4},"end":{"line":3,"column":5}},"loc":{"start":{"line":3,"column":18},"end":{"line":28,"column":5}},"line":3},"1":{"name":"(anonymous_1)","decl":{"start":{"line":30,"column":4},"end":{"line":30,"column":5}},"loc":{"start":{"line":30,"column":25},"end":{"line":58,"column":5}},"line":30},"2":{"name":"(anonymous_2)","decl":{"start":{"line":60,"column":4},"end":{"line":60,"column":5}},"loc":{"start":{"line":60,"column":26},"end":{"line":67,"column":5}},"line":60},"3":{"name":"(anonymous_3)","decl":{"start":{"line":69,"column":4},"end":{"line":69,"column":5}},"loc":{"start":{"line":69,"column":26},"end":{"line":100,"column":5}},"line":69},"4":{"name":"(anonymous_4)","decl":{"start":{"line":71,"column":48},"end":{"line":71,"column":49}},"loc":{"start":{"line":71,"column":54},"end":{"line":71,"column":71}},"line":71},"5":{"name":"(anonymous_5)","decl":{"start":{"line":72,"column":48},"end":{"line":72,"column":49}},"loc":{"start":{"line":72,"column":54},"end":{"line":72,"column":71}},"line":72},"6":{"name":"(anonymous_6)","decl":{"start":{"line":73,"column":51},"end":{"line":73,"column":52}},"loc":{"start":{"line":73,"column":57},"end":{"line":73,"column":86}},"line":73},"7":{"name":"(anonymous_7)","decl":{"start":{"line":76,"column":51},"end":{"line":76,"column":52}},"loc":{"start":{"line":76,"column":57},"end":{"line":76,"column":76}},"line":76},"8":{"name":"(anonymous_8)","decl":{"start":{"line":77,"column":48},"end":{"line":77,"column":49}},"loc":{"start":{"line":77,"column":54},"end":{"line":77,"column":74}},"line":77},"9":{"name":"(anonymous_9)","decl":{"start":{"line":78,"column":55},"end":{"line":78,"column":56}},"loc":{"start":{"line":78,"column":61},"end":{"line":78,"column":80}},"line":78},"10":{"name":"(anonymous_10)","decl":{"start":{"line":79,"column":56},"end":{"line":79,"column":57}},"loc":{"start":{"line":79,"column":62},"end":{"line":79,"column":84}},"line":79},"11":{"name":"(anonymous_11)","decl":{"start":{"line":82,"column":56},"end":{"line":82,"column":57}},"loc":{"start":{"line":82,"column":62},"end":{"line":82,"column":88}},"line":82},"12":{"name":"(anonymous_12)","decl":{"start":{"line":86,"column":51},"end":{"line":86,"column":52}},"loc":{"start":{"line":86,"column":57},"end":{"line":92,"column":9}},"line":86},"13":{"name":"(anonymous_13)","decl":{"start":{"line":95,"column":53},"end":{"line":95,"column":54}},"loc":{"start":{"line":95,"column":60},"end":{"line":99,"column":9}},"line":95},"14":{"name":"(anonymous_14)","decl":{"start":{"line":102,"column":4},"end":{"line":102,"column":5}},"loc":{"start":{"line":102,"column":19},"end":{"line":117,"column":5}},"line":102},"15":{"name":"(anonymous_15)","decl":{"start":{"line":119,"column":4},"end":{"line":119,"column":5}},"loc":{"start":{"line":119,"column":28},"end":{"line":130,"column":5}},"line":119},"16":{"name":"(anonymous_16)","decl":{"start":{"line":132,"column":4},"end":{"line":132,"column":5}},"loc":{"start":{"line":132,"column":28},"end":{"line":147,"column":5}},"line":132},"17":{"name":"(anonymous_17)","decl":{"start":{"line":149,"column":4},"end":{"line":149,"column":5}},"loc":{"start":{"line":149,"column":26},"end":{"line":155,"column":5}},"line":149},"18":{"name":"(anonymous_18)","decl":{"start":{"line":157,"column":4},"end":{"line":157,"column":5}},"loc":{"start":{"line":157,"column":17},"end":{"line":167,"column":5}},"line":157},"19":{"name":"(anonymous_19)","decl":{"start":{"line":169,"column":4},"end":{"line":169,"column":5}},"loc":{"start":{"line":169,"column":15},"end":{"line":178,"column":5}},"line":169},"20":{"name":"(anonymous_20)","decl":{"start":{"line":170,"column":41},"end":{"line":170,"column":42}},"loc":{"start":{"line":170,"column":47},"end":{"line":177,"column":9}},"line":170},"21":{"name":"(anonymous_21)","decl":{"start":{"line":180,"column":4},"end":{"line":180,"column":5}},"loc":{"start":{"line":180,"column":26},"end":{"line":195,"column":5}},"line":180},"22":{"name":"(anonymous_22)","decl":{"start":{"line":197,"column":4},"end":{"line":197,"column":5}},"loc":{"start":{"line":197,"column":23},"end":{"line":204,"column":5}},"line":197},"23":{"name":"(anonymous_23)","decl":{"start":{"line":201,"column":19},"end":{"line":201,"column":20}},"loc":{"start":{"line":201,"column":25},"end":{"line":203,"column":9}},"line":201},"24":{"name":"(anonymous_24)","decl":{"start":{"line":206,"column":4},"end":{"line":206,"column":5}},"loc":{"start":{"line":206,"column":29},"end":{"line":216,"column":5}},"line":206},"25":{"name":"(anonymous_25)","decl":{"start":{"line":218,"column":4},"end":{"line":218,"column":5}},"loc":{"start":{"line":218,"column":19},"end":{"line":220,"column":5}},"line":218},"26":{"name":"(anonymous_26)","decl":{"start":{"line":222,"column":4},"end":{"line":222,"column":5}},"loc":{"start":{"line":222,"column":17},"end":{"line":237,"column":5}},"line":222},"27":{"name":"(anonymous_27)","decl":{"start":{"line":239,"column":4},"end":{"line":239,"column":5}},"loc":{"start":{"line":239,"column":20},"end":{"line":253,"column":5}},"line":239},"28":{"name":"(anonymous_28)","decl":{"start":{"line":255,"column":4},"end":{"line":255,"column":5}},"loc":{"start":{"line":255,"column":30},"end":{"line":279,"column":5}},"line":255},"29":{"name":"(anonymous_29)","decl":{"start":{"line":281,"column":4},"end":{"line":281,"column":5}},"loc":{"start":{"line":281,"column":25},"end":{"line":324,"column":5}},"line":281},"30":{"name":"(anonymous_30)","decl":{"start":{"line":326,"column":4},"end":{"line":326,"column":5}},"loc":{"start":{"line":326,"column":27},"end":{"line":338,"column":5}},"line":326},"31":{"name":"(anonymous_31)","decl":{"start":{"line":340,"column":4},"end":{"line":340,"column":5}},"loc":{"start":{"line":340,"column":39},"end":{"line":346,"column":5}},"line":340},"32":{"name":"(anonymous_32)","decl":{"start":{"line":348,"column":4},"end":{"line":348,"column":5}},"loc":{"start":{"line":348,"column":38},"end":{"line":382,"column":5}},"line":348},"33":{"name":"(anonymous_33)","decl":{"start":{"line":364,"column":23},"end":{"line":364,"column":24}},"loc":{"start":{"line":364,"column":29},"end":{"line":372,"column":13}},"line":364},"34":{"name":"(anonymous_34)","decl":{"start":{"line":366,"column":27},"end":{"line":366,"column":28}},"loc":{"start":{"line":366,"column":33},"end":{"line":371,"column":17}},"line":366},"35":{"name":"(anonymous_35)","decl":{"start":{"line":368,"column":31},"end":{"line":368,"column":32}},"loc":{"start":{"line":368,"column":37},"end":{"line":370,"column":21}},"line":368},"36":{"name":"(anonymous_36)","decl":{"start":{"line":375,"column":23},"end":{"line":375,"column":24}},"loc":{"start":{"line":375,"column":29},"end":{"line":377,"column":13}},"line":375},"37":{"name":"(anonymous_37)","decl":{"start":{"line":384,"column":4},"end":{"line":384,"column":5}},"loc":{"start":{"line":384,"column":28},"end":{"line":402,"column":5}},"line":384},"38":{"name":"(anonymous_38)","decl":{"start":{"line":393,"column":19},"end":{"line":393,"column":20}},"loc":{"start":{"line":393,"column":25},"end":{"line":401,"column":9}},"line":393},"39":{"name":"(anonymous_39)","decl":{"start":{"line":397,"column":23},"end":{"line":397,"column":24}},"loc":{"start":{"line":397,"column":29},"end":{"line":400,"column":13}},"line":397},"40":{"name":"(anonymous_40)","decl":{"start":{"line":404,"column":4},"end":{"line":404,"column":5}},"loc":{"start":{"line":404,"column":44},"end":{"line":440,"column":5}},"line":404},"41":{"name":"(anonymous_41)","decl":{"start":{"line":442,"column":4},"end":{"line":442,"column":5}},"loc":{"start":{"line":442,"column":51},"end":{"line":449,"column":5}},"line":442},"42":{"name":"(anonymous_42)","decl":{"start":{"line":451,"column":4},"end":{"line":451,"column":5}},"loc":{"start":{"line":451,"column":45},"end":{"line":469,"column":5}},"line":451},"43":{"name":"(anonymous_43)","decl":{"start":{"line":472,"column":4},"end":{"line":472,"column":5}},"loc":{"start":{"line":472,"column":19},"end":{"line":475,"column":5}},"line":472},"44":{"name":"(anonymous_44)","decl":{"start":{"line":477,"column":4},"end":{"line":477,"column":5}},"loc":{"start":{"line":477,"column":20},"end":{"line":479,"column":5}},"line":477},"45":{"name":"(anonymous_45)","decl":{"start":{"line":481,"column":4},"end":{"line":481,"column":5}},"loc":{"start":{"line":481,"column":19},"end":{"line":516,"column":5}},"line":481},"46":{"name":"(anonymous_46)","decl":{"start":{"line":518,"column":4},"end":{"line":518,"column":5}},"loc":{"start":{"line":518,"column":22},"end":{"line":529,"column":5}},"line":518},"47":{"name":"(anonymous_47)","decl":{"start":{"line":533,"column":46},"end":{"line":533,"column":47}},"loc":{"start":{"line":533,"column":52},"end":{"line":535,"column":1}},"line":533}},"branchMap":{"0":{"loc":{"start":{"line":87,"column":12},"end":{"line":91,"column":13}},"type":"if","locations":[{"start":{"line":87,"column":12},"end":{"line":91,"column":13}},{"start":{"line":89,"column":19},"end":{"line":91,"column":13}}],"line":87},"1":{"loc":{"start":{"line":89,"column":19},"end":{"line":91,"column":13}},"type":"if","locations":[{"start":{"line":89,"column":19},"end":{"line":91,"column":13}},{"start":{},"end":{}}],"line":89},"2":{"loc":{"start":{"line":96,"column":12},"end":{"line":98,"column":13}},"type":"if","locations":[{"start":{"line":96,"column":12},"end":{"line":98,"column":13}},{"start":{},"end":{}}],"line":96},"3":{"loc":{"start":{"line":105,"column":12},"end":{"line":111,"column":13}},"type":"if","locations":[{"start":{"line":105,"column":12},"end":{"line":111,"column":13}},{"start":{},"end":{}}],"line":105},"4":{"loc":{"start":{"line":107,"column":48},"end":{"line":107,"column":76}},"type":"binary-expr","locations":[{"start":{"line":107,"column":48},"end":{"line":107,"column":66}},{"start":{"line":107,"column":70},"end":{"line":107,"column":76}}],"line":107},"5":{"loc":{"start":{"line":108,"column":47},"end":{"line":108,"column":74}},"type":"binary-expr","locations":[{"start":{"line":108,"column":47},"end":{"line":108,"column":64}},{"start":{"line":108,"column":68},"end":{"line":108,"column":74}}],"line":108},"6":{"loc":{"start":{"line":109,"column":45},"end":{"line":109,"column":111}},"type":"cond-expr","locations":[{"start":{"line":109,"column":83},"end":{"line":109,"column":104}},{"start":{"line":109,"column":107},"end":{"line":109,"column":111}}],"line":109},"7":{"loc":{"start":{"line":110,"column":44},"end":{"line":110,"column":71}},"type":"binary-expr","locations":[{"start":{"line":110,"column":44},"end":{"line":110,"column":64}},{"start":{"line":110,"column":68},"end":{"line":110,"column":71}}],"line":110},"8":{"loc":{"start":{"line":140,"column":8},"end":{"line":140,"column":90}},"type":"if","locations":[{"start":{"line":140,"column":8},"end":{"line":140,"column":90}},{"start":{},"end":{}}],"line":140},"9":{"loc":{"start":{"line":141,"column":8},"end":{"line":141,"column":90}},"type":"if","locations":[{"start":{"line":141,"column":8},"end":{"line":141,"column":90}},{"start":{},"end":{}}],"line":141},"10":{"loc":{"start":{"line":142,"column":8},"end":{"line":142,"column":91}},"type":"if","locations":[{"start":{"line":142,"column":8},"end":{"line":142,"column":91}},{"start":{},"end":{}}],"line":142},"11":{"loc":{"start":{"line":143,"column":8},"end":{"line":143,"column":91}},"type":"if","locations":[{"start":{"line":143,"column":8},"end":{"line":143,"column":91}},{"start":{},"end":{}}],"line":143},"12":{"loc":{"start":{"line":144,"column":8},"end":{"line":144,"column":96}},"type":"if","locations":[{"start":{"line":144,"column":8},"end":{"line":144,"column":96}},{"start":{},"end":{}}],"line":144},"13":{"loc":{"start":{"line":145,"column":8},"end":{"line":145,"column":91}},"type":"if","locations":[{"start":{"line":145,"column":8},"end":{"line":145,"column":91}},{"start":{},"end":{}}],"line":145},"14":{"loc":{"start":{"line":151,"column":8},"end":{"line":154,"column":9}},"type":"if","locations":[{"start":{"line":151,"column":8},"end":{"line":154,"column":9}},{"start":{},"end":{}}],"line":151},"15":{"loc":{"start":{"line":151,"column":12},"end":{"line":151,"column":55}},"type":"binary-expr","locations":[{"start":{"line":151,"column":12},"end":{"line":151,"column":33}},{"start":{"line":151,"column":37},"end":{"line":151,"column":55}}],"line":151},"16":{"loc":{"start":{"line":171,"column":12},"end":{"line":176,"column":13}},"type":"if","locations":[{"start":{"line":171,"column":12},"end":{"line":176,"column":13}},{"start":{"line":174,"column":19},"end":{"line":176,"column":13}}],"line":171},"17":{"loc":{"start":{"line":184,"column":8},"end":{"line":192,"column":9}},"type":"if","locations":[{"start":{"line":184,"column":8},"end":{"line":192,"column":9}},{"start":{"line":188,"column":15},"end":{"line":192,"column":9}}],"line":184},"18":{"loc":{"start":{"line":188,"column":15},"end":{"line":192,"column":9}},"type":"if","locations":[{"start":{"line":188,"column":15},"end":{"line":192,"column":9}},{"start":{},"end":{}}],"line":188},"19":{"loc":{"start":{"line":262,"column":8},"end":{"line":278,"column":9}},"type":"if","locations":[{"start":{"line":262,"column":8},"end":{"line":278,"column":9}},{"start":{"line":275,"column":15},"end":{"line":278,"column":9}}],"line":262},"20":{"loc":{"start":{"line":262,"column":12},"end":{"line":262,"column":91}},"type":"binary-expr","locations":[{"start":{"line":262,"column":12},"end":{"line":262,"column":50}},{"start":{"line":262,"column":54},"end":{"line":262,"column":91}}],"line":262},"21":{"loc":{"start":{"line":265,"column":12},"end":{"line":274,"column":13}},"type":"if","locations":[{"start":{"line":265,"column":12},"end":{"line":274,"column":13}},{"start":{"line":268,"column":19},"end":{"line":274,"column":13}}],"line":265},"22":{"loc":{"start":{"line":268,"column":19},"end":{"line":274,"column":13}},"type":"if","locations":[{"start":{"line":268,"column":19},"end":{"line":274,"column":13}},{"start":{"line":271,"column":19},"end":{"line":274,"column":13}}],"line":268},"23":{"loc":{"start":{"line":289,"column":8},"end":{"line":323,"column":9}},"type":"switch","locations":[{"start":{"line":290,"column":12},"end":{"line":296,"column":22}},{"start":{"line":297,"column":12},"end":{"line":302,"column":22}},{"start":{"line":303,"column":12},"end":{"line":309,"column":22}},{"start":{"line":310,"column":12},"end":{"line":315,"column":22}},{"start":{"line":316,"column":12},"end":{"line":322,"column":22}}],"line":289},"24":{"loc":{"start":{"line":331,"column":8},"end":{"line":337,"column":9}},"type":"if","locations":[{"start":{"line":331,"column":8},"end":{"line":337,"column":9}},{"start":{"line":335,"column":15},"end":{"line":337,"column":9}}],"line":331},"25":{"loc":{"start":{"line":340,"column":21},"end":{"line":340,"column":37}},"type":"default-arg","locations":[{"start":{"line":340,"column":28},"end":{"line":340,"column":37}}],"line":340},"26":{"loc":{"start":{"line":348,"column":20},"end":{"line":348,"column":36}},"type":"default-arg","locations":[{"start":{"line":348,"column":27},"end":{"line":348,"column":36}}],"line":348},"27":{"loc":{"start":{"line":356,"column":22},"end":{"line":356,"column":55}},"type":"binary-expr","locations":[{"start":{"line":356,"column":22},"end":{"line":356,"column":34}},{"start":{"line":356,"column":38},"end":{"line":356,"column":55}}],"line":356},"28":{"loc":{"start":{"line":363,"column":8},"end":{"line":378,"column":9}},"type":"if","locations":[{"start":{"line":363,"column":8},"end":{"line":378,"column":9}},{"start":{"line":373,"column":15},"end":{"line":378,"column":9}}],"line":363},"29":{"loc":{"start":{"line":363,"column":12},"end":{"line":363,"column":67}},"type":"binary-expr","locations":[{"start":{"line":363,"column":12},"end":{"line":363,"column":36}},{"start":{"line":363,"column":40},"end":{"line":363,"column":67}}],"line":363},"30":{"loc":{"start":{"line":386,"column":36},"end":{"line":386,"column":75}},"type":"binary-expr","locations":[{"start":{"line":386,"column":36},"end":{"line":386,"column":68}},{"start":{"line":386,"column":72},"end":{"line":386,"column":75}}],"line":386},"31":{"loc":{"start":{"line":404,"column":26},"end":{"line":404,"column":42}},"type":"default-arg","locations":[{"start":{"line":404,"column":33},"end":{"line":404,"column":42}}],"line":404},"32":{"loc":{"start":{"line":407,"column":12},"end":{"line":409,"column":13}},"type":"if","locations":[{"start":{"line":407,"column":12},"end":{"line":409,"column":13}},{"start":{},"end":{}}],"line":407},"33":{"loc":{"start":{"line":412,"column":12},"end":{"line":414,"column":13}},"type":"if","locations":[{"start":{"line":412,"column":12},"end":{"line":414,"column":13}},{"start":{},"end":{}}],"line":412},"34":{"loc":{"start":{"line":413,"column":41},"end":{"line":413,"column":89}},"type":"binary-expr","locations":[{"start":{"line":413,"column":41},"end":{"line":413,"column":60}},{"start":{"line":413,"column":64},"end":{"line":413,"column":89}}],"line":413},"35":{"loc":{"start":{"line":417,"column":12},"end":{"line":419,"column":13}},"type":"if","locations":[{"start":{"line":417,"column":12},"end":{"line":419,"column":13}},{"start":{},"end":{}}],"line":417},"36":{"loc":{"start":{"line":422,"column":12},"end":{"line":435,"column":13}},"type":"switch","locations":[{"start":{"line":423,"column":16},"end":{"line":425,"column":26}},{"start":{"line":426,"column":16},"end":{"line":428,"column":26}},{"start":{"line":429,"column":16},"end":{"line":432,"column":26}},{"start":{"line":433,"column":16},"end":{"line":434,"column":59}}],"line":422},"37":{"loc":{"start":{"line":462,"column":23},"end":{"line":462,"column":55}},"type":"binary-expr","locations":[{"start":{"line":462,"column":23},"end":{"line":462,"column":48}},{"start":{"line":462,"column":52},"end":{"line":462,"column":55}}],"line":462},"38":{"loc":{"start":{"line":488,"column":8},"end":{"line":491,"column":9}},"type":"if","locations":[{"start":{"line":488,"column":8},"end":{"line":491,"column":9}},{"start":{},"end":{}}],"line":488},"39":{"loc":{"start":{"line":488,"column":12},"end":{"line":488,"column":98}},"type":"binary-expr","locations":[{"start":{"line":488,"column":12},"end":{"line":488,"column":31}},{"start":{"line":488,"column":35},"end":{"line":488,"column":54}},{"start":{"line":488,"column":58},"end":{"line":488,"column":76}},{"start":{"line":488,"column":80},"end":{"line":488,"column":98}}],"line":488},"40":{"loc":{"start":{"line":494,"column":32},"end":{"line":494,"column":49}},"type":"binary-expr","locations":[{"start":{"line":494,"column":32},"end":{"line":494,"column":44}},{"start":{"line":494,"column":48},"end":{"line":494,"column":49}}],"line":494},"41":{"loc":{"start":{"line":494,"column":59},"end":{"line":494,"column":76}},"type":"binary-expr","locations":[{"start":{"line":494,"column":59},"end":{"line":494,"column":71}},{"start":{"line":494,"column":75},"end":{"line":494,"column":76}}],"line":494},"42":{"loc":{"start":{"line":495,"column":31},"end":{"line":495,"column":47}},"type":"binary-expr","locations":[{"start":{"line":495,"column":31},"end":{"line":495,"column":42}},{"start":{"line":495,"column":46},"end":{"line":495,"column":47}}],"line":495},"43":{"loc":{"start":{"line":495,"column":57},"end":{"line":495,"column":73}},"type":"binary-expr","locations":[{"start":{"line":495,"column":57},"end":{"line":495,"column":68}},{"start":{"line":495,"column":72},"end":{"line":495,"column":73}}],"line":495},"44":{"loc":{"start":{"line":499,"column":8},"end":{"line":515,"column":9}},"type":"if","locations":[{"start":{"line":499,"column":8},"end":{"line":515,"column":9}},{"start":{"line":513,"column":15},"end":{"line":515,"column":9}}],"line":499},"45":{"loc":{"start":{"line":499,"column":12},"end":{"line":500,"column":56}},"type":"binary-expr","locations":[{"start":{"line":499,"column":13},"end":{"line":499,"column":31}},{"start":{"line":499,"column":35},"end":{"line":499,"column":57}},{"start":{"line":500,"column":13},"end":{"line":500,"column":30}},{"start":{"line":500,"column":34},"end":{"line":500,"column":55}}],"line":499},"46":{"loc":{"start":{"line":510,"column":12},"end":{"line":512,"column":13}},"type":"if","locations":[{"start":{"line":510,"column":12},"end":{"line":512,"column":13}},{"start":{},"end":{}}],"line":510},"47":{"loc":{"start":{"line":526,"column":8},"end":{"line":528,"column":9}},"type":"if","locations":[{"start":{"line":526,"column":8},"end":{"line":528,"column":9}},{"start":{},"end":{}}],"line":526},"48":{"loc":{"start":{"line":538,"column":0},"end":{"line":540,"column":1}},"type":"if","locations":[{"start":{"line":538,"column":0},"end":{"line":540,"column":1}},{"start":{},"end":{}}],"line":538},"49":{"loc":{"start":{"line":538,"column":4},"end":{"line":538,"column":51}},"type":"binary-expr","locations":[{"start":{"line":538,"column":4},"end":{"line":538,"column":33}},{"start":{"line":538,"column":37},"end":{"line":538,"column":51}}],"line":538}},"s":{"0":51,"1":51,"2":51,"3":51,"4":51,"5":51,"6":51,"7":51,"8":51,"9":51,"10":51,"11":51,"12":51,"13":51,"14":51,"15":51,"16":51,"17":51,"18":51,"19":51,"20":51,"21":51,"22":51,"23":51,"24":51,"25":51,"26":51,"27":51,"28":51,"29":51,"30":51,"31":51,"32":51,"33":51,"34":0,"35":51,"36":0,"37":51,"38":0,"39":51,"40":0,"41":51,"42":0,"43":51,"44":0,"45":51,"46":0,"47":51,"48":0,"49":51,"50":51,"51":0,"52":0,"53":0,"54":0,"55":51,"56":0,"57":0,"58":51,"59":51,"60":51,"61":2,"62":1,"63":1,"64":1,"65":1,"66":1,"67":51,"68":2,"69":2,"70":2,"71":1,"72":52,"73":52,"74":52,"75":52,"76":52,"77":52,"78":52,"79":52,"80":52,"81":52,"82":52,"83":52,"84":52,"85":52,"86":52,"87":52,"88":52,"89":52,"90":52,"91":52,"92":3,"93":3,"94":3,"95":3,"96":3,"97":3,"98":3,"99":4,"100":0,"101":0,"102":0,"103":0,"104":2,"105":2,"106":2,"107":1,"108":1,"109":1,"110":1,"111":1,"112":1,"113":1,"114":2,"115":1,"116":1,"117":1,"118":0,"119":1,"120":1,"121":1,"122":1,"123":1,"124":1,"125":1,"126":1,"127":1,"128":1,"129":1,"130":1,"131":1,"132":1,"133":1,"134":1,"135":1,"136":1,"137":1,"138":64,"139":64,"140":64,"141":64,"142":64,"143":64,"144":69,"145":69,"146":69,"147":10,"148":10,"149":3,"150":7,"151":1,"152":6,"153":59,"154":71,"155":71,"156":71,"157":71,"158":71,"159":55,"160":55,"161":55,"162":55,"163":55,"164":55,"165":6,"166":6,"167":6,"168":6,"169":6,"170":3,"171":3,"172":3,"173":3,"174":3,"175":3,"176":4,"177":4,"178":4,"179":4,"180":4,"181":3,"182":3,"183":3,"184":3,"185":3,"186":3,"187":64,"188":64,"189":64,"190":64,"191":5,"192":5,"193":5,"194":59,"195":1,"196":1,"197":5,"198":5,"199":5,"200":5,"201":5,"202":3,"203":3,"204":3,"205":3,"206":3,"207":0,"208":2,"209":2,"210":5,"211":2,"212":2,"213":2,"214":2,"215":2,"216":2,"217":2,"218":2,"219":2,"220":2,"221":2,"222":0,"223":0,"224":0,"225":0,"226":0,"227":0,"228":0,"229":0,"230":0,"231":0,"232":0,"233":0,"234":0,"235":0,"236":0,"237":0,"238":0,"239":0,"240":0,"241":0,"242":0,"243":0,"244":0,"245":0,"246":0,"247":0,"248":0,"249":0,"250":0,"251":0,"252":0,"253":0,"254":0,"255":1,"256":1,"257":1,"258":7,"259":7,"260":7,"261":7,"262":7,"263":1,"264":1,"265":6,"266":6,"267":6,"268":2,"269":2,"270":2,"271":2,"272":2,"273":2,"274":2,"275":2,"276":4,"277":3,"278":3,"279":3,"280":3,"281":3,"282":3,"283":3,"284":2,"285":4,"286":0,"287":4,"288":4},"f":{"0":51,"1":51,"2":51,"3":51,"4":0,"5":0,"6":0,"7":0,"8":0,"9":0,"10":0,"11":0,"12":0,"13":0,"14":51,"15":2,"16":52,"17":52,"18":3,"19":4,"20":0,"21":2,"22":1,"23":0,"24":1,"25":1,"26":1,"27":64,"28":69,"29":71,"30":64,"31":1,"32":5,"33":3,"34":3,"35":0,"36":2,"37":2,"38":2,"39":2,"40":0,"41":0,"42":0,"43":1,"44":1,"45":7,"46":3,"47":0},"b":{"0":[0,0],"1":[0,0],"2":[0,0],"3":[2,49],"4":[1,0],"5":[1,0],"6":[1,0],"7":[1,0],"8":[52,0],"9":[52,0],"10":[52,0],"11":[52,0],"12":[52,0],"13":[52,0],"14":[52,0],"15":[52,52],"16":[0,0],"17":[1,1],"18":[1,0],"19":[10,59],"20":[69,62],"21":[3,7],"22":[1,6],"23":[55,6,3,4,3],"24":[5,59],"25":[0],"26":[0],"27":[5,1],"28":[3,2],"29":[5,3],"30":[2,1],"31":[0],"32":[0,0],"33":[0,0],"34":[0,0],"35":[0,0],"36":[0,0,0,0],"37":[0,0],"38":[1,6],"39":[7,6,6,6],"40":[6,1],"41":[6,5],"42":[6,1],"43":[6,5],"44":[2,4],"45":[6,5,4,3],"46":[2,0],"47":[2,1],"48":[4,0],"49":[4,4]},"_coverageSchema":"1a1c01bbd47fc00a2c39e90264f33305004495a9","hash":"897f4047c0aa1c72c014fb62f3982db138519c94"}
}
