TN:
SF:script.js
FN:3,(anonymous_0)
FN:30,(anonymous_1)
FN:60,(anonymous_2)
FN:69,(anonymous_3)
FN:71,(anonymous_4)
FN:72,(anonymous_5)
FN:73,(anonymous_6)
FN:76,(anonymous_7)
FN:77,(anonymous_8)
FN:78,(anonymous_9)
FN:79,(anonymous_10)
FN:82,(anonymous_11)
FN:86,(anonymous_12)
FN:95,(anonymous_13)
FN:102,(anonymous_14)
FN:119,(anonymous_15)
FN:132,(anonymous_16)
FN:149,(anonymous_17)
FN:157,(anonymous_18)
FN:169,(anonymous_19)
FN:170,(anonymous_20)
FN:180,(anonymous_21)
FN:197,(anonymous_22)
FN:201,(anonymous_23)
FN:206,(anonymous_24)
FN:218,(anonymous_25)
FN:222,(anonymous_26)
FN:239,(anonymous_27)
FN:255,(anonymous_28)
FN:281,(anonymous_29)
FN:326,(anonymous_30)
FN:340,(anonymous_31)
FN:348,(anonymous_32)
FN:364,(anonymous_33)
FN:366,(anonymous_34)
FN:368,(anonymous_35)
FN:375,(anonymous_36)
FN:384,(anonymous_37)
FN:393,(anonymous_38)
FN:397,(anonymous_39)
FN:404,(anonymous_40)
FN:442,(anonymous_41)
FN:451,(anonymous_42)
FN:472,(anonymous_43)
FN:477,(anonymous_44)
FN:481,(anonymous_45)
FN:518,(anonymous_46)
FN:533,(anonymous_47)
FNF:48
FNH:31
FNDA:51,(anonymous_0)
FNDA:51,(anonymous_1)
FNDA:51,(anonymous_2)
FNDA:51,(anonymous_3)
FNDA:0,(anonymous_4)
FNDA:0,(anonymous_5)
FNDA:0,(anonymous_6)
FNDA:0,(anonymous_7)
FNDA:0,(anonymous_8)
FNDA:0,(anonymous_9)
FNDA:0,(anonymous_10)
FNDA:0,(anonymous_11)
FNDA:0,(anonymous_12)
FNDA:0,(anonymous_13)
FNDA:51,(anonymous_14)
FNDA:2,(anonymous_15)
FNDA:52,(anonymous_16)
FNDA:52,(anonymous_17)
FNDA:3,(anonymous_18)
FNDA:4,(anonymous_19)
FNDA:0,(anonymous_20)
FNDA:2,(anonymous_21)
FNDA:1,(anonymous_22)
FNDA:0,(anonymous_23)
FNDA:1,(anonymous_24)
FNDA:1,(anonymous_25)
FNDA:1,(anonymous_26)
FNDA:64,(anonymous_27)
FNDA:69,(anonymous_28)
FNDA:71,(anonymous_29)
FNDA:64,(anonymous_30)
FNDA:1,(anonymous_31)
FNDA:5,(anonymous_32)
FNDA:3,(anonymous_33)
FNDA:3,(anonymous_34)
FNDA:0,(anonymous_35)
FNDA:2,(anonymous_36)
FNDA:2,(anonymous_37)
FNDA:2,(anonymous_38)
FNDA:2,(anonymous_39)
FNDA:0,(anonymous_40)
FNDA:0,(anonymous_41)
FNDA:0,(anonymous_42)
FNDA:1,(anonymous_43)
FNDA:1,(anonymous_44)
FNDA:7,(anonymous_45)
FNDA:3,(anonymous_46)
FNDA:0,(anonymous_47)
DA:4,51
DA:15,51
DA:16,51
DA:19,51
DA:24,51
DA:25,51
DA:26,51
DA:27,51
DA:32,51
DA:33,51
DA:34,51
DA:35,51
DA:38,51
DA:39,51
DA:40,51
DA:43,51
DA:44,51
DA:45,51
DA:46,51
DA:47,51
DA:48,51
DA:49,51
DA:50,51
DA:51,51
DA:52,51
DA:53,51
DA:54,51
DA:57,51
DA:61,51
DA:62,51
DA:63,51
DA:65,51
DA:66,51
DA:71,51
DA:72,51
DA:73,51
DA:76,51
DA:77,51
DA:78,51
DA:79,51
DA:82,51
DA:85,51
DA:86,51
DA:87,0
DA:88,0
DA:89,0
DA:90,0
DA:95,51
DA:96,0
DA:97,0
DA:103,51
DA:104,51
DA:105,51
DA:106,2
DA:107,1
DA:108,1
DA:109,1
DA:110,1
DA:113,1
DA:116,51
DA:120,2
DA:121,2
DA:126,2
DA:128,1
DA:134,52
DA:135,52
DA:136,52
DA:137,52
DA:140,52
DA:141,52
DA:142,52
DA:143,52
DA:144,52
DA:145,52
DA:146,52
DA:151,52
DA:152,52
DA:153,52
DA:158,3
DA:159,3
DA:160,3
DA:161,3
DA:163,3
DA:165,3
DA:166,3
DA:170,4
DA:171,0
DA:172,0
DA:173,0
DA:175,0
DA:181,2
DA:182,2
DA:184,2
DA:185,1
DA:186,1
DA:187,1
DA:188,1
DA:189,1
DA:190,1
DA:191,1
DA:194,2
DA:198,1
DA:199,1
DA:201,1
DA:202,0
DA:207,1
DA:208,1
DA:209,1
DA:210,1
DA:212,1
DA:214,1
DA:215,1
DA:219,1
DA:223,1
DA:224,1
DA:226,1
DA:227,1
DA:228,1
DA:229,1
DA:231,1
DA:232,1
DA:233,1
DA:234,1
DA:236,1
DA:241,64
DA:242,64
DA:243,64
DA:246,64
DA:249,64
DA:252,64
DA:256,69
DA:259,69
DA:262,69
DA:263,10
DA:265,10
DA:267,3
DA:268,7
DA:270,1
DA:273,6
DA:277,59
DA:282,71
DA:283,71
DA:286,71
DA:287,71
DA:289,71
DA:291,55
DA:292,55
DA:293,55
DA:294,55
DA:295,55
DA:296,55
DA:298,6
DA:299,6
DA:300,6
DA:301,6
DA:302,6
DA:304,3
DA:305,3
DA:306,3
DA:307,3
DA:308,3
DA:309,3
DA:311,4
DA:312,4
DA:313,4
DA:314,4
DA:315,4
DA:317,3
DA:318,3
DA:319,3
DA:320,3
DA:321,3
DA:322,3
DA:327,64
DA:328,64
DA:329,64
DA:331,64
DA:332,5
DA:333,5
DA:334,5
DA:336,59
DA:342,1
DA:345,1
DA:349,5
DA:356,5
DA:359,5
DA:360,5
DA:363,5
DA:364,3
DA:365,3
DA:366,3
DA:367,3
DA:368,3
DA:369,0
DA:375,2
DA:376,2
DA:381,5
DA:385,2
DA:386,2
DA:389,2
DA:390,2
DA:391,2
DA:393,2
DA:394,2
DA:395,2
DA:397,2
DA:398,2
DA:399,2
DA:405,0
DA:407,0
DA:408,0
DA:412,0
DA:413,0
DA:417,0
DA:418,0
DA:422,0
DA:424,0
DA:425,0
DA:427,0
DA:428,0
DA:431,0
DA:432,0
DA:434,0
DA:437,0
DA:443,0
DA:445,0
DA:446,0
DA:447,0
DA:452,0
DA:453,0
DA:455,0
DA:456,0
DA:458,0
DA:459,0
DA:462,0
DA:463,0
DA:464,0
DA:465,0
DA:467,0
DA:468,0
DA:473,1
DA:474,1
DA:478,1
DA:482,7
DA:483,7
DA:484,7
DA:485,7
DA:488,7
DA:489,1
DA:490,1
DA:494,6
DA:495,6
DA:499,6
DA:501,2
DA:502,2
DA:503,2
DA:504,2
DA:506,2
DA:507,2
DA:510,2
DA:511,2
DA:514,4
DA:519,3
DA:520,3
DA:521,3
DA:522,3
DA:523,3
DA:524,3
DA:526,3
DA:527,2
DA:533,4
DA:534,0
DA:538,4
DA:539,4
LF:274
LH:229
BRDA:87,0,0,0
BRDA:87,0,1,0
BRDA:89,1,0,0
BRDA:89,1,1,0
BRDA:96,2,0,0
BRDA:96,2,1,0
BRDA:105,3,0,2
BRDA:105,3,1,49
BRDA:107,4,0,1
BRDA:107,4,1,0
BRDA:108,5,0,1
BRDA:108,5,1,0
BRDA:109,6,0,1
BRDA:109,6,1,0
BRDA:110,7,0,1
BRDA:110,7,1,0
BRDA:140,8,0,52
BRDA:140,8,1,0
BRDA:141,9,0,52
BRDA:141,9,1,0
BRDA:142,10,0,52
BRDA:142,10,1,0
BRDA:143,11,0,52
BRDA:143,11,1,0
BRDA:144,12,0,52
BRDA:144,12,1,0
BRDA:145,13,0,52
BRDA:145,13,1,0
BRDA:151,14,0,52
BRDA:151,14,1,0
BRDA:151,15,0,52
BRDA:151,15,1,52
BRDA:171,16,0,0
BRDA:171,16,1,0
BRDA:184,17,0,1
BRDA:184,17,1,1
BRDA:188,18,0,1
BRDA:188,18,1,0
BRDA:262,19,0,10
BRDA:262,19,1,59
BRDA:262,20,0,69
BRDA:262,20,1,62
BRDA:265,21,0,3
BRDA:265,21,1,7
BRDA:268,22,0,1
BRDA:268,22,1,6
BRDA:289,23,0,55
BRDA:289,23,1,6
BRDA:289,23,2,3
BRDA:289,23,3,4
BRDA:289,23,4,3
BRDA:331,24,0,5
BRDA:331,24,1,59
BRDA:340,25,0,0
BRDA:348,26,0,0
BRDA:356,27,0,5
BRDA:356,27,1,1
BRDA:363,28,0,3
BRDA:363,28,1,2
BRDA:363,29,0,5
BRDA:363,29,1,3
BRDA:386,30,0,2
BRDA:386,30,1,1
BRDA:404,31,0,0
BRDA:407,32,0,0
BRDA:407,32,1,0
BRDA:412,33,0,0
BRDA:412,33,1,0
BRDA:413,34,0,0
BRDA:413,34,1,0
BRDA:417,35,0,0
BRDA:417,35,1,0
BRDA:422,36,0,0
BRDA:422,36,1,0
BRDA:422,36,2,0
BRDA:422,36,3,0
BRDA:462,37,0,0
BRDA:462,37,1,0
BRDA:488,38,0,1
BRDA:488,38,1,6
BRDA:488,39,0,7
BRDA:488,39,1,6
BRDA:488,39,2,6
BRDA:488,39,3,6
BRDA:494,40,0,6
BRDA:494,40,1,1
BRDA:494,41,0,6
BRDA:494,41,1,5
BRDA:495,42,0,6
BRDA:495,42,1,1
BRDA:495,43,0,6
BRDA:495,43,1,5
BRDA:499,44,0,2
BRDA:499,44,1,4
BRDA:499,45,0,6
BRDA:499,45,1,5
BRDA:499,45,2,4
BRDA:499,45,3,3
BRDA:510,46,0,2
BRDA:510,46,1,0
BRDA:526,47,0,2
BRDA:526,47,1,1
BRDA:538,48,0,4
BRDA:538,48,1,0
BRDA:538,49,0,4
BRDA:538,49,1,4
BRF:106
BRH:67
end_of_record
